Using pre-set license
Built from '2022.3/release' branch; Version is '2022.3.48f1 (8bf49c377ebf) revision 9172124'; Using compiler version '192829333'; Build Type 'Release'
OS: 'Windows 11  (10.0.26100) 64bit Core' Language: 'en' Physical Memory: 15610 MB
BatchMode: 1, IsHumanControllingUs: 0, StartBugReporterOnCrash: 0, Is64bit: 1, IsPro: 1

COMMAND LINE ARGUMENTS:
C:\Program Files\Unity\Hub\Editor\2022.3.48f1\Editor\Unity.exe
-adb2
-batchMode
-noUpm
-name
AssetImportWorker4
-projectPath
C:/Users/bradl/OneDrive/Documents/GitHub/Solstice/Solace
-logFile
Logs/AssetImportWorker4.log
-srvPort
65022
Successfully changed project path to: C:/Users/bradl/OneDrive/Documents/GitHub/Solstice/Solace
C:/Users/bradl/OneDrive/Documents/GitHub/Solstice/Solace
[UnityMemory] Configuration Parameters - Can be set up in boot.config
    "memorysetup-bucket-allocator-granularity=16"
    "memorysetup-bucket-allocator-bucket-count=8"
    "memorysetup-bucket-allocator-block-size=33554432"
    "memorysetup-bucket-allocator-block-count=8"
    "memorysetup-main-allocator-block-size=16777216"
    "memorysetup-thread-allocator-block-size=16777216"
    "memorysetup-gfx-main-allocator-block-size=16777216"
    "memorysetup-gfx-thread-allocator-block-size=16777216"
    "memorysetup-cache-allocator-block-size=4194304"
    "memorysetup-typetree-allocator-block-size=2097152"
    "memorysetup-profiler-bucket-allocator-granularity=16"
    "memorysetup-profiler-bucket-allocator-bucket-count=8"
    "memorysetup-profiler-bucket-allocator-block-size=33554432"
    "memorysetup-profiler-bucket-allocator-block-count=8"
    "memorysetup-profiler-allocator-block-size=16777216"
    "memorysetup-profiler-editor-allocator-block-size=1048576"
    "memorysetup-temp-allocator-size-main=16777216"
    "memorysetup-job-temp-allocator-block-size=2097152"
    "memorysetup-job-temp-allocator-block-size-background=1048576"
    "memorysetup-job-temp-allocator-reduction-small-platforms=262144"
    "memorysetup-allocator-temp-initial-block-size-main=262144"
    "memorysetup-allocator-temp-initial-block-size-worker=262144"
    "memorysetup-temp-allocator-size-background-worker=32768"
    "memorysetup-temp-allocator-size-job-worker=262144"
    "memorysetup-temp-allocator-size-preload-manager=33554432"
    "memorysetup-temp-allocator-size-nav-mesh-worker=65536"
    "memorysetup-temp-allocator-size-audio-worker=65536"
    "memorysetup-temp-allocator-size-cloud-worker=32768"
    "memorysetup-temp-allocator-size-gi-baking-worker=262144"
    "memorysetup-temp-allocator-size-gfx=262144"
Player connection [40724]  Target information:

Player connection [40724]  * "[IP] 192.168.0.9 [Port] 0 [Flags] 2 [Guid] 1800676228 [EditorId] 1800676228 [Version] 1048832 [Id] WindowsEditor(7,Bradley_Curtis) [Debug] 1 [PackageName] WindowsEditor [ProjectName] Editor" 

Player connection [40724] Host joined multi-casting on [225.0.0.222:54997]...
Player connection [40724] Host joined alternative multi-casting on [225.0.0.222:34997]...
[PhysX] Initialized MultithreadedTaskDispatcher with 16 workers.
Refreshing native plugins compatible for Editor in 9.26 ms, found 3 plugins.
Preloading 0 native plugins for Editor in 0.00 ms.
Initialize engine version: 2022.3.48f1 (8bf49c377ebf)
[Subsystems] Discovering subsystems at path C:/Program Files/Unity/Hub/Editor/2022.3.48f1/Editor/Data/Resources/UnitySubsystems
[Subsystems] Discovering subsystems at path C:/Users/bradl/OneDrive/Documents/GitHub/Solstice/Solace/Assets
GfxDevice: creating device client; threaded=0; jobified=0
Direct3D:
    Version:  Direct3D 11.0 [level 11.1]
    Renderer: NVIDIA GeForce RTX 4050 Laptop GPU (ID=0x28e1)
    Vendor:   NVIDIA
    VRAM:     5921 MB
    Driver:   32.0.15.6636
Initialize mono
Mono path[0] = 'C:/Program Files/Unity/Hub/Editor/2022.3.48f1/Editor/Data/Managed'
Mono path[1] = 'C:/Program Files/Unity/Hub/Editor/2022.3.48f1/Editor/Data/MonoBleedingEdge/lib/mono/unityjit-win32'
Mono config path = 'C:/Program Files/Unity/Hub/Editor/2022.3.48f1/Editor/Data/MonoBleedingEdge/etc'
Using monoOptions --debugger-agent=transport=dt_socket,embedding=1,server=y,suspend=n,address=127.0.0.1:56832
Begin MonoManager ReloadAssembly
Registering precompiled unity dll's ...
Register platform support module: C:/Program Files/Unity/Hub/Editor/2022.3.48f1/Editor/Data/PlaybackEngines/WindowsStandaloneSupport/UnityEditor.WindowsStandalone.Extensions.dll
Registered in 0.006578 seconds.
- Loaded All Assemblies, in  0.298 seconds
Native extension for WindowsStandalone target not found
Mono: successfully reloaded assembly
- Finished resetting the current domain, in  0.237 seconds
Domain Reload Profiling: 533ms
	BeginReloadAssembly (90ms)
		ExecutionOrderSort (0ms)
		DisableScriptedObjects (0ms)
		BackupInstance (0ms)
		ReleaseScriptingObjects (0ms)
		CreateAndSetChildDomain (1ms)
	RebuildCommonClasses (27ms)
	RebuildNativeTypeToScriptingClass (8ms)
	initialDomainReloadingComplete (54ms)
	LoadAllAssembliesAndSetupDomain (116ms)
		LoadAssemblies (88ms)
		RebuildTransferFunctionScriptingTraits (0ms)
		AnalyzeDomain (114ms)
			TypeCache.Refresh (113ms)
				TypeCache.ScanAssembly (102ms)
			ScanForSourceGeneratedMonoScriptInfo (0ms)
			ResolveRequiredComponents (0ms)
	FinalizeReload (238ms)
		ReleaseScriptCaches (0ms)
		RebuildScriptCaches (0ms)
		SetupLoadedEditorAssemblies (198ms)
			LogAssemblyErrors (0ms)
			InitializePlatformSupportModulesInManaged (11ms)
			SetLoadedEditorAssemblies (8ms)
			RefreshPlugins (0ms)
			BeforeProcessingInitializeOnLoad (2ms)
			ProcessInitializeOnLoadAttributes (135ms)
			ProcessInitializeOnLoadMethodAttributes (41ms)
			AfterProcessingInitializeOnLoad (0ms)
			EditorAssembliesLoaded (0ms)
		ExecutionOrderSort2 (0ms)
		AwakeInstancesAfterBackupRestoration (0ms)
========================================================================
Worker process is ready to serve import requests
Caller must complete domain reload
Begin MonoManager ReloadAssembly
- Loaded All Assemblies, in  0.544 seconds
Native extension for WindowsStandalone target not found
Mono: successfully reloaded assembly
- Finished resetting the current domain, in  0.451 seconds
Domain Reload Profiling: 992ms
	BeginReloadAssembly (147ms)
		ExecutionOrderSort (0ms)
		DisableScriptedObjects (7ms)
		BackupInstance (0ms)
		ReleaseScriptingObjects (0ms)
		CreateAndSetChildDomain (25ms)
	RebuildCommonClasses (31ms)
	RebuildNativeTypeToScriptingClass (8ms)
	initialDomainReloadingComplete (41ms)
	LoadAllAssembliesAndSetupDomain (313ms)
		LoadAssemblies (248ms)
		RebuildTransferFunctionScriptingTraits (0ms)
		AnalyzeDomain (139ms)
			TypeCache.Refresh (123ms)
				TypeCache.ScanAssembly (109ms)
			ScanForSourceGeneratedMonoScriptInfo (11ms)
			ResolveRequiredComponents (3ms)
	FinalizeReload (452ms)
		ReleaseScriptCaches (0ms)
		RebuildScriptCaches (0ms)
		SetupLoadedEditorAssemblies (345ms)
			LogAssemblyErrors (0ms)
			InitializePlatformSupportModulesInManaged (6ms)
			SetLoadedEditorAssemblies (2ms)
			RefreshPlugins (0ms)
			BeforeProcessingInitializeOnLoad (53ms)
			ProcessInitializeOnLoadAttributes (260ms)
			ProcessInitializeOnLoadMethodAttributes (17ms)
			AfterProcessingInitializeOnLoad (7ms)
			EditorAssembliesLoaded (0ms)
		ExecutionOrderSort2 (0ms)
		AwakeInstancesAfterBackupRestoration (6ms)
Launched and connected shader compiler UnityShaderCompiler.exe after 0.04 seconds
Refreshing native plugins compatible for Editor in 3.54 ms, found 3 plugins.
Preloading 0 native plugins for Editor in 0.00 ms.
Unloading 3125 Unused Serialized files (Serialized files now loaded: 0)
Unloading 19 unused Assets / (54.6 KB). Loaded Objects now: 3597.
Memory consumption went from 119.5 MB to 119.5 MB.
Total: 3.351300 ms (FindLiveObjects: 0.460300 ms CreateObjectMapping: 0.258700 ms MarkObjects: 2.533000 ms  DeleteObjects: 0.098100 ms)

AssetImportParameters requested are different than current active one (requested -> active):
  custom:container-demuxer-ogg: 62fdf1f143b41e24485cea50d1cbac27 -> 
  custom:video-codec-MediaFoundation-h265: 746d11721c4dcdbdad8f713fa42b33f4 -> 
  custom:video-decoder-ogg-theora: a1e56fd34408186e4bbccfd4996cb3dc -> 
  custom:framework-win-MediaFoundation: 216162199b28c13a410421893ffa2e32 -> 
  custom:CustomObjectIndexerAttribute: 9a22284fe3817be447336de3de66b15e -> 
  custom:container-demuxer-webm: 4f35f7cbe854078d1ac9338744f61a02 -> 
  custom:container-muxer-webm: aa71ff27fc2769a1b78a27578f13a17b -> 
  custom:video-decoder-webm-vp8: 9c59270c3fd7afecdb556c50c9e8de78 -> 
  custom:SearchIndexIgnoredProperties: e643bd26f0fe6173181afceb89e7c659 -> 
  custom:AudioImporter_EditorPlatform: d09bf68614088b80899f8185d706f6e7 -> 
  custom:video-encoder-webm-vp8: eb34c28f22e8b96e1ab97ce403110664 -> 
  custom:audio-decoder-ogg-vorbis: bf7c407c2cedff20999df2af8eb42d56 -> 
  custom:audio-encoder-webm-vorbis: bf7c407c2cedff20999df2af8eb42d56 -> 
========================================================================
Received Import Request.
  Time since last request: 351112.519343 seconds.
  path: Assets/Animations/Pro Longbow Pack/standing aim walk right.fbx
  artifactKey: Guid(88e88c205ac3a234c85ca30da9d3948e) Importer(815301076,1909f56bfc062723c751e8b465ee728b)
Start importing Assets/Animations/Pro Longbow Pack/standing aim walk right.fbx using Guid(88e88c205ac3a234c85ca30da9d3948e) Importer(815301076,1909f56bfc062723c751e8b465ee728b) [PhysX] Initialized MultithreadedTaskDispatcher with 16 workers.
 -> (artifact id: '1639ace0f17733081bfffc1695f53207') in 0.025898 seconds
Number of updated asset objects reloaded before import = 0
Number of asset objects unloaded after import = 135
========================================================================
Received Import Request.
  Time since last request: 0.085224 seconds.
  path: Assets/Animations/Pro Longbow Pack/fall a land to run forward.fbx
  artifactKey: Guid(35a85fde75d68c8489c341095d96d621) Importer(815301076,1909f56bfc062723c751e8b465ee728b)
Start importing Assets/Animations/Pro Longbow Pack/fall a land to run forward.fbx using Guid(35a85fde75d68c8489c341095d96d621) Importer(815301076,1909f56bfc062723c751e8b465ee728b) [PhysX] Initialized MultithreadedTaskDispatcher with 16 workers.
 -> (artifact id: 'd6931179670714718ad8286c1a344f48') in 0.002863 seconds
Number of updated asset objects reloaded before import = 0
Number of asset objects unloaded after import = 135
========================================================================
Received Import Request.
  Time since last request: 0.008042 seconds.
  path: Assets/Animations/Pro Longbow Pack/standing aim recoil.fbx
  artifactKey: Guid(758a2fba3e68fd94897ac9ca77b0d937) Importer(815301076,1909f56bfc062723c751e8b465ee728b)
Start importing Assets/Animations/Pro Longbow Pack/standing aim recoil.fbx using Guid(758a2fba3e68fd94897ac9ca77b0d937) Importer(815301076,1909f56bfc062723c751e8b465ee728b) [PhysX] Initialized MultithreadedTaskDispatcher with 16 workers.
 -> (artifact id: 'ecb749051bc2a025ffdc8c7585f698e5') in 0.003229 seconds
Number of updated asset objects reloaded before import = 0
Number of asset objects unloaded after import = 135
========================================================================
Received Import Request.
  Time since last request: 0.007667 seconds.
  path: Assets/Animations/Pro Longbow Pack/standing aim walk forward.fbx
  artifactKey: Guid(43e10f68b5487014e85b31d820ebb294) Importer(815301076,1909f56bfc062723c751e8b465ee728b)
Start importing Assets/Animations/Pro Longbow Pack/standing aim walk forward.fbx using Guid(43e10f68b5487014e85b31d820ebb294) Importer(815301076,1909f56bfc062723c751e8b465ee728b) [PhysX] Initialized MultithreadedTaskDispatcher with 16 workers.
 -> (artifact id: 'b48feed9d08fc6a9d4ceef2ec6f43a07') in 0.005183 seconds
Number of updated asset objects reloaded before import = 0
Number of asset objects unloaded after import = 135
========================================================================
Received Import Request.
  Time since last request: 0.000023 seconds.
  path: Assets/Animations/Pro Longbow Pack/standing block.fbx
  artifactKey: Guid(420b6b43c007d484a835ef29b248d9a5) Importer(815301076,1909f56bfc062723c751e8b465ee728b)
Start importing Assets/Animations/Pro Longbow Pack/standing block.fbx using Guid(420b6b43c007d484a835ef29b248d9a5) Importer(815301076,1909f56bfc062723c751e8b465ee728b) [PhysX] Initialized MultithreadedTaskDispatcher with 16 workers.
 -> (artifact id: '45d94c68da60039c9ba4a58eadd402da') in 0.003468 seconds
Number of updated asset objects reloaded before import = 0
Number of asset objects unloaded after import = 135
========================================================================
Received Import Request.
  Time since last request: 0.000023 seconds.
  path: Assets/Animations/Pro Longbow Pack/standing run back.fbx
  artifactKey: Guid(94f2618e6a599cc43a3058df5f4d005b) Importer(815301076,1909f56bfc062723c751e8b465ee728b)
Start importing Assets/Animations/Pro Longbow Pack/standing run back.fbx using Guid(94f2618e6a599cc43a3058df5f4d005b) Importer(815301076,1909f56bfc062723c751e8b465ee728b) [PhysX] Initialized MultithreadedTaskDispatcher with 16 workers.
 -> (artifact id: '674b1067a2ad3cc87900d2c9263816cb') in 0.003503 seconds
Number of updated asset objects reloaded before import = 0
Number of asset objects unloaded after import = 135
========================================================================
Received Import Request.
  Time since last request: 0.000021 seconds.
  path: Assets/Animations/Pro Longbow Pack/standing idle 02 looking.fbx
  artifactKey: Guid(7d77913e0e89b2543832e6abba90a533) Importer(815301076,1909f56bfc062723c751e8b465ee728b)
Start importing Assets/Animations/Pro Longbow Pack/standing idle 02 looking.fbx using Guid(7d77913e0e89b2543832e6abba90a533) Importer(815301076,1909f56bfc062723c751e8b465ee728b) [PhysX] Initialized MultithreadedTaskDispatcher with 16 workers.
 -> (artifact id: '46ce1694a72ead01d083177d969cfdfa') in 0.003357 seconds
Number of updated asset objects reloaded before import = 0
Number of asset objects unloaded after import = 135
========================================================================
Received Import Request.
  Time since last request: 0.000024 seconds.
  path: Assets/Animations/Pro Longbow Pack/standing idle 01.fbx
  artifactKey: Guid(8f8201cba057fac43a630eb1015785d3) Importer(815301076,1909f56bfc062723c751e8b465ee728b)
Start importing Assets/Animations/Pro Longbow Pack/standing idle 01.fbx using Guid(8f8201cba057fac43a630eb1015785d3) Importer(815301076,1909f56bfc062723c751e8b465ee728b) [PhysX] Initialized MultithreadedTaskDispatcher with 16 workers.
 -> (artifact id: '09667e719042b405e02678732dff7e4f') in 0.004276 seconds
Number of updated asset objects reloaded before import = 0
Number of asset objects unloaded after import = 135
========================================================================
Received Import Request.
  Time since last request: 0.000017 seconds.
  path: Assets/Animations/Pro Longbow Pack/standing death forward 01.fbx
  artifactKey: Guid(707d5ddac162887448c001ab1ac10af2) Importer(815301076,1909f56bfc062723c751e8b465ee728b)
Start importing Assets/Animations/Pro Longbow Pack/standing death forward 01.fbx using Guid(707d5ddac162887448c001ab1ac10af2) Importer(815301076,1909f56bfc062723c751e8b465ee728b) [PhysX] Initialized MultithreadedTaskDispatcher with 16 workers.
 -> (artifact id: 'bb1541ac4b551170c4b864bafe49640d') in 0.004838 seconds
Number of updated asset objects reloaded before import = 0
Number of asset objects unloaded after import = 135
========================================================================
Received Import Request.
  Time since last request: 0.000033 seconds.
  path: Assets/Animations/Pro Longbow Pack/standing draw arrow.fbx
  artifactKey: Guid(b5f40b3f076ebbc4785f46e6290f8917) Importer(815301076,1909f56bfc062723c751e8b465ee728b)
Start importing Assets/Animations/Pro Longbow Pack/standing draw arrow.fbx using Guid(b5f40b3f076ebbc4785f46e6290f8917) Importer(815301076,1909f56bfc062723c751e8b465ee728b) [PhysX] Initialized MultithreadedTaskDispatcher with 16 workers.
 -> (artifact id: 'a7c205437603cc2ef17294de38072146') in 0.006118 seconds
Number of updated asset objects reloaded before import = 0
Number of asset objects unloaded after import = 135
========================================================================
Received Import Request.
  Time since last request: 0.000063 seconds.
  path: Assets/Animations/Pro Longbow Pack/standing disarm bow.fbx
  artifactKey: Guid(04582fa9121d66147b40067046953d39) Importer(815301076,1909f56bfc062723c751e8b465ee728b)
Start importing Assets/Animations/Pro Longbow Pack/standing disarm bow.fbx using Guid(04582fa9121d66147b40067046953d39) Importer(815301076,1909f56bfc062723c751e8b465ee728b) [PhysX] Initialized MultithreadedTaskDispatcher with 16 workers.
 -> (artifact id: '8a8fb9a06c6d2dc8885ce8f5b242a3d2') in 0.004724 seconds
Number of updated asset objects reloaded before import = 0
Number of asset objects unloaded after import = 135
========================================================================
Received Import Request.
  Time since last request: 0.000019 seconds.
  path: Assets/Animations/Pro Longbow Pack/standing turn 90 right.fbx
  artifactKey: Guid(3bd8432168a3b4f4ab881625324ab98a) Importer(815301076,1909f56bfc062723c751e8b465ee728b)
Start importing Assets/Animations/Pro Longbow Pack/standing turn 90 right.fbx using Guid(3bd8432168a3b4f4ab881625324ab98a) Importer(815301076,1909f56bfc062723c751e8b465ee728b) [PhysX] Initialized MultithreadedTaskDispatcher with 16 workers.
 -> (artifact id: 'de66682103570c15fbc6a1829d2a5e6c') in 0.003590 seconds
Number of updated asset objects reloaded before import = 0
Number of asset objects unloaded after import = 135
========================================================================
Received Import Request.
  Time since last request: 0.000024 seconds.
  path: Assets/Animations/Pro Longbow Pack/standing aim walk left.fbx
  artifactKey: Guid(f800039c2c568ad418051d6b5ed04325) Importer(815301076,1909f56bfc062723c751e8b465ee728b)
Start importing Assets/Animations/Pro Longbow Pack/standing aim walk left.fbx using Guid(f800039c2c568ad418051d6b5ed04325) Importer(815301076,1909f56bfc062723c751e8b465ee728b) [PhysX] Initialized MultithreadedTaskDispatcher with 16 workers.
 -> (artifact id: 'efb96c192a84c73d04fd25511f39d7ae') in 0.003186 seconds
Number of updated asset objects reloaded before import = 0
Number of asset objects unloaded after import = 135
========================================================================
Received Import Request.
  Time since last request: 0.000021 seconds.
  path: Assets/Animations/Pro Longbow Pack/standing idle 03 examine.fbx
  artifactKey: Guid(9e6ac9cd246796c40a7aea747e4146c8) Importer(815301076,1909f56bfc062723c751e8b465ee728b)
Start importing Assets/Animations/Pro Longbow Pack/standing idle 03 examine.fbx using Guid(9e6ac9cd246796c40a7aea747e4146c8) Importer(815301076,1909f56bfc062723c751e8b465ee728b) [PhysX] Initialized MultithreadedTaskDispatcher with 16 workers.
 -> (artifact id: '17eabfc925427f34416c0777359e1bb1') in 0.004415 seconds
Number of updated asset objects reloaded before import = 0
Number of asset objects unloaded after import = 135
========================================================================
Received Import Request.
  Time since last request: 0.000025 seconds.
  path: Assets/Animations/Pro Longbow Pack/standing dive forward.fbx
  artifactKey: Guid(86f62d2cfa981df48bee4c1c8bd8ce34) Importer(815301076,1909f56bfc062723c751e8b465ee728b)
Start importing Assets/Animations/Pro Longbow Pack/standing dive forward.fbx using Guid(86f62d2cfa981df48bee4c1c8bd8ce34) Importer(815301076,1909f56bfc062723c751e8b465ee728b) [PhysX] Initialized MultithreadedTaskDispatcher with 16 workers.
 -> (artifact id: '405a9c700628e83020e5ac5ba11b973f') in 0.004859 seconds
Number of updated asset objects reloaded before import = 0
Number of asset objects unloaded after import = 135
========================================================================
Received Import Request.
  Time since last request: 0.000024 seconds.
  path: Assets/Animations/Pro Longbow Pack/standing walk forward.fbx
  artifactKey: Guid(cde0248264052914d8adb30536bf07b8) Importer(815301076,1909f56bfc062723c751e8b465ee728b)
Start importing Assets/Animations/Pro Longbow Pack/standing walk forward.fbx using Guid(cde0248264052914d8adb30536bf07b8) Importer(815301076,1909f56bfc062723c751e8b465ee728b) [PhysX] Initialized MultithreadedTaskDispatcher with 16 workers.
 -> (artifact id: '0902525ae2e5df908e2a1a8e66b04aed') in 0.004848 seconds
Number of updated asset objects reloaded before import = 0
Number of asset objects unloaded after import = 135
========================================================================
Received Import Request.
  Time since last request: 0.000023 seconds.
  path: Assets/Animations/Pro Longbow Pack/standing aim overdraw.fbx
  artifactKey: Guid(583ab59274cb63d48879e9b627226760) Importer(815301076,1909f56bfc062723c751e8b465ee728b)
Start importing Assets/Animations/Pro Longbow Pack/standing aim overdraw.fbx using Guid(583ab59274cb63d48879e9b627226760) Importer(815301076,1909f56bfc062723c751e8b465ee728b) [PhysX] Initialized MultithreadedTaskDispatcher with 16 workers.
 -> (artifact id: '901da044c3dd46226651920e4833308c') in 0.003508 seconds
Number of updated asset objects reloaded before import = 0
Number of asset objects unloaded after import = 135
========================================================================
Received Import Request.
  Time since last request: 0.000019 seconds.
  path: Assets/Animations/Pro Longbow Pack/standing dodge forward.fbx
  artifactKey: Guid(f5432917206617845a182dd9d9eac104) Importer(815301076,1909f56bfc062723c751e8b465ee728b)
Start importing Assets/Animations/Pro Longbow Pack/standing dodge forward.fbx using Guid(f5432917206617845a182dd9d9eac104) Importer(815301076,1909f56bfc062723c751e8b465ee728b) [PhysX] Initialized MultithreadedTaskDispatcher with 16 workers.
 -> (artifact id: 'ccca24aa03a18206bf091a6a640368bf') in 0.003373 seconds
Number of updated asset objects reloaded before import = 0
Number of asset objects unloaded after import = 135
========================================================================
Received Import Request.
  Time since last request: 0.000024 seconds.
  path: Assets/Animations/Pro Longbow Pack/standing dodge right.fbx
  artifactKey: Guid(669bc5d02a8c5a041869f0b9c07d3ef9) Importer(815301076,1909f56bfc062723c751e8b465ee728b)
Start importing Assets/Animations/Pro Longbow Pack/standing dodge right.fbx using Guid(669bc5d02a8c5a041869f0b9c07d3ef9) Importer(815301076,1909f56bfc062723c751e8b465ee728b) [PhysX] Initialized MultithreadedTaskDispatcher with 16 workers.
 -> (artifact id: '3496f4e72577c4d7bc45827e076d8a68') in 0.003691 seconds
Number of updated asset objects reloaded before import = 0
Number of asset objects unloaded after import = 135
========================================================================
Received Import Request.
  Time since last request: 0.000018 seconds.
  path: Assets/Animations/Pro Longbow Pack/standing melee kick.fbx
  artifactKey: Guid(b03e83e5c9321e846a1ebed822ed2e94) Importer(815301076,1909f56bfc062723c751e8b465ee728b)
Start importing Assets/Animations/Pro Longbow Pack/standing melee kick.fbx using Guid(b03e83e5c9321e846a1ebed822ed2e94) Importer(815301076,1909f56bfc062723c751e8b465ee728b) [PhysX] Initialized MultithreadedTaskDispatcher with 16 workers.
 -> (artifact id: '61929e248b88fdd00744cf695cd4afb6') in 0.003374 seconds
Number of updated asset objects reloaded before import = 0
Number of asset objects unloaded after import = 135
========================================================================
Received Import Request.
  Time since last request: 0.000013 seconds.
  path: Assets/Animations/Pro Longbow Pack/standing run left.fbx
  artifactKey: Guid(f88043255a198c14caf44c4d8680138e) Importer(815301076,1909f56bfc062723c751e8b465ee728b)
Start importing Assets/Animations/Pro Longbow Pack/standing run left.fbx using Guid(f88043255a198c14caf44c4d8680138e) Importer(815301076,1909f56bfc062723c751e8b465ee728b) [PhysX] Initialized MultithreadedTaskDispatcher with 16 workers.
 -> (artifact id: '348bc99ed69b2ec08b7b8f6e8eed2e1a') in 0.003260 seconds
Number of updated asset objects reloaded before import = 0
Number of asset objects unloaded after import = 135
========================================================================
Received Import Request.
  Time since last request: 0.000024 seconds.
  path: Assets/Animations/Pro Longbow Pack/standing dodge backward.fbx
  artifactKey: Guid(5e359289b27610d40bbf360e22112f78) Importer(815301076,1909f56bfc062723c751e8b465ee728b)
Start importing Assets/Animations/Pro Longbow Pack/standing dodge backward.fbx using Guid(5e359289b27610d40bbf360e22112f78) Importer(815301076,1909f56bfc062723c751e8b465ee728b) [PhysX] Initialized MultithreadedTaskDispatcher with 16 workers.
 -> (artifact id: '34f38375c9cba563151ee1aa65c0dd74') in 0.003611 seconds
Number of updated asset objects reloaded before import = 0
Number of asset objects unloaded after import = 135
Editor requested this worker to shutdown with reason: Scaling down because of idle timeout
TcpMessagingSession - receive error: operation aborted. errorcode: 995, details: The I/O operation has been aborted because of either a thread exit or an application request.
AssetImportWorker is now disconnected from the server
Process exiting
Exiting without the bug reporter. Application will terminate with return code 0